<?xml version="1.0" encoding="UTF-8"?>
<testsuite name="com.example.project.TipCalculatorTest" tests="3" skipped="0" failures="0" errors="0" timestamp="2024-09-19T16:16:23" hostname="codespaces-f82ad3" time="0.102">
  <properties/>
  <testcase name="testCalculateTip2()" classname="com.example.project.TipCalculatorTest" time="0.075"/>
  <testcase name="testCalculateTip3()" classname="com.example.project.TipCalculatorTest" time="0.008"/>
  <testcase name="testCalculateTip()" classname="com.example.project.TipCalculatorTest" time="0.003"/>
  <system-out><![CDATA[]]></system-out>
  <system-err><![CDATA[]]></system-err>
</testsuite>
